[19:48:29] [ServerMain/INFO]: Environment: authHost='https://authserver.mojang.com', accountsHost='https://api.mojang.com', sessionHost='https://sessionserver.mojang.com', servicesHost='https://api.minecraftservices.com', name='PROD'
[19:48:31] [ServerMain/INFO]: Loaded 7 recipes
[19:48:31] [ServerMain/INFO]: Loaded 1271 advancements
[19:48:31] [Server thread/INFO]: Starting minecraft server version 1.20.1
[19:48:31] [Server thread/INFO]: Loading properties
[19:48:31] [Server thread/INFO]: Default game type: SURVIVAL
[19:48:31] [Server thread/INFO]: Generating keypair
[19:48:31] [Server thread/INFO]: Starting Minecraft server on *:25565
[19:48:31] [Server thread/INFO]: Using epoll channel type
[19:48:31] [Server thread/WARN]: **** SERVER IS RUNNING IN OFFLINE/INSECURE MODE!
[19:48:31] [Server thread/WARN]: The server will make no attempt to authenticate usernames. Beware.
[19:48:31] [Server thread/WARN]: While this makes the game possible to play without internet access, it also opens up the ability for hackers to connect with any username they choose.
[19:48:31] [Server thread/WARN]: To change this, set "online-mode" to "true" in the server.properties file.
[19:48:31] [Server thread/INFO]: Preparing level "world"
[19:48:37] [Server thread/INFO]: Preparing start region for dimension minecraft:overworld
[19:48:37] [Worker-Main-2/INFO]: Preparing spawn area: 0%
[19:48:37] [Worker-Main-2/INFO]: Preparing spawn area: 0%
[19:48:38] [Worker-Main-3/INFO]: Preparing spawn area: 0%
[19:48:38] [Worker-Main-2/INFO]: Preparing spawn area: 0%
[19:48:39] [Worker-Main-2/INFO]: Preparing spawn area: 0%
[19:48:39] [Worker-Main-1/INFO]: Preparing spawn area: 0%
[19:48:40] [Worker-Main-1/INFO]: Preparing spawn area: 2%
[19:48:40] [Worker-Main-1/INFO]: Preparing spawn area: 3%
[19:48:41] [Worker-Main-2/INFO]: Preparing spawn area: 4%
[19:48:41] [Worker-Main-3/INFO]: Preparing spawn area: 5%
[19:48:42] [Worker-Main-2/INFO]: Preparing spawn area: 7%
[19:48:42] [Worker-Main-1/INFO]: Preparing spawn area: 9%
[19:48:43] [Worker-Main-3/INFO]: Preparing spawn area: 10%
[19:48:43] [Worker-Main-2/INFO]: Preparing spawn area: 12%
[19:48:44] [Worker-Main-2/INFO]: Preparing spawn area: 13%
[19:48:44] [Worker-Main-3/INFO]: Preparing spawn area: 15%
[19:48:45] [Worker-Main-3/INFO]: Preparing spawn area: 17%
[19:48:45] [Worker-Main-2/INFO]: Preparing spawn area: 18%
[19:48:46] [Worker-Main-3/INFO]: Preparing spawn area: 21%
[19:48:46] [Worker-Main-1/INFO]: Preparing spawn area: 23%
[19:48:47] [Worker-Main-2/INFO]: Preparing spawn area: 26%
[19:48:47] [Worker-Main-2/INFO]: Preparing spawn area: 28%
[19:48:48] [Worker-Main-1/INFO]: Preparing spawn area: 31%
[19:48:48] [Worker-Main-2/INFO]: Preparing spawn area: 34%
[19:48:49] [Worker-Main-2/INFO]: Preparing spawn area: 37%
[19:48:50] [Worker-Main-1/INFO]: Preparing spawn area: 39%
[19:48:50] [Worker-Main-1/INFO]: Preparing spawn area: 40%
[19:48:50] [Worker-Main-1/INFO]: Preparing spawn area: 42%
[19:48:51] [Worker-Main-1/INFO]: Preparing spawn area: 45%
[19:48:51] [Worker-Main-1/INFO]: Preparing spawn area: 49%
[19:48:52] [Worker-Main-1/INFO]: Preparing spawn area: 53%
[19:48:52] [Worker-Main-2/INFO]: Preparing spawn area: 54%
[19:48:53] [Worker-Main-1/INFO]: Preparing spawn area: 57%
[19:48:53] [Worker-Main-3/INFO]: Preparing spawn area: 59%
[19:48:54] [Worker-Main-2/INFO]: Preparing spawn area: 62%
[19:48:54] [Worker-Main-1/INFO]: Preparing spawn area: 66%
[19:48:55] [Worker-Main-1/INFO]: Preparing spawn area: 68%
[19:48:55] [Worker-Main-2/INFO]: Preparing spawn area: 71%
[19:48:56] [Worker-Main-3/INFO]: Preparing spawn area: 74%
[19:48:56] [Worker-Main-1/INFO]: Preparing spawn area: 78%
[19:48:57] [Worker-Main-2/INFO]: Preparing spawn area: 82%
[19:48:57] [Worker-Main-2/INFO]: Preparing spawn area: 84%
[19:48:58] [Worker-Main-3/INFO]: Preparing spawn area: 86%
[19:48:58] [Worker-Main-1/INFO]: Preparing spawn area: 90%
[19:48:59] [Worker-Main-2/INFO]: Preparing spawn area: 94%
[19:48:59] [Worker-Main-2/INFO]: Preparing spawn area: 98%
[19:48:59] [Server thread/INFO]: Time elapsed: 22753 ms
[19:48:59] [Server thread/INFO]: Done (28.021s)! For help, type "help"
[19:49:05] [Server thread/INFO]: Thecno662[/127.254.240.43:36887] logged in with entity id 231 at (-6.5, 63.0, 0.5)
[19:49:05] [Server thread/INFO]: Thecno662 joined the game
[19:49:36] [Server thread/INFO]: [Thecno662: Created team [Admin]]
[19:50:08] [Server thread/INFO]: [Thecno662: Created team [Peruvian]]
[19:50:25] [Server thread/INFO]: [Thecno662: Updated the color for team [Admin] to red]
[19:50:43] [Server thread/INFO]: [Not Secure] <Thecno662> esta
[19:51:13] [Server thread/INFO]: [Thecno662: Updated the color for team [Peruvian] to gold]
[19:51:26] [Server thread/INFO]: [Thecno662: Updated the color for team [Admin] to dark_red]
[19:51:30] [Server thread/INFO]: [Not Secure] <Thecno662> esta
[19:51:37] [Server thread/INFO]: [Thecno662: Added Thecno662 to team [Admin]]
[19:54:12] [Server thread/INFO]: Rumo_fr3[/127.103.1.35:34035] logged in with entity id 918 at (8.5, 64.0, 9.5)
[19:54:12] [Server thread/INFO]: Rumo_fr3 joined the game
[19:54:24] [Server thread/WARN]: Mismatch in destroy block pos: gu{x=0, y=0, z=0} gu{x=8, y=64, z=5}
[19:54:24] [Server thread/WARN]: Mismatch in destroy block pos: gu{x=0, y=0, z=0} gu{x=6, y=64, z=4}
[19:54:24] [Server thread/WARN]: Mismatch in destroy block pos: gu{x=0, y=0, z=0} gu{x=3, y=66, z=6}
[19:54:25] [Server thread/WARN]: Mismatch in destroy block pos: gu{x=0, y=0, z=0} gu{x=4, y=64, z=5}
[19:54:25] [Server thread/WARN]: Mismatch in destroy block pos: gu{x=0, y=0, z=0} gu{x=4, y=64, z=5}
[19:54:25] [Server thread/WARN]: Mismatch in destroy block pos: gu{x=0, y=0, z=0} gu{x=4, y=64, z=5}
[19:54:25] [Server thread/WARN]: Mismatch in destroy block pos: gu{x=0, y=0, z=0} gu{x=4, y=64, z=5}
[19:54:25] [Server thread/WARN]: Mismatch in destroy block pos: gu{x=0, y=0, z=0} gu{x=-2, y=63, z=2}
[19:54:26] [Server thread/WARN]: Mismatch in destroy block pos: gu{x=0, y=0, z=0} gu{x=-3, y=63, z=2}
[19:54:26] [Server thread/WARN]: Mismatch in destroy block pos: gu{x=0, y=0, z=0} gu{x=-4, y=63, z=2}
[19:54:26] [Server thread/WARN]: Mismatch in destroy block pos: gu{x=0, y=0, z=0} gu{x=-5, y=63, z=2}
[19:54:26] [Server thread/WARN]: Mismatch in destroy block pos: gu{x=0, y=0, z=0} gu{x=-5, y=63, z=3}
[19:54:26] [Server thread/WARN]: Mismatch in destroy block pos: gu{x=0, y=0, z=0} gu{x=-5, y=63, z=3}
[19:54:26] [Server thread/WARN]: Mismatch in destroy block pos: gu{x=0, y=0, z=0} gu{x=-4, y=63, z=3}
[19:54:26] [Server thread/WARN]: Mismatch in destroy block pos: gu{x=0, y=0, z=0} gu{x=-5, y=64, z=4}
[19:54:26] [Server thread/WARN]: Mismatch in destroy block pos: gu{x=0, y=0, z=0} gu{x=-5, y=64, z=4}
[19:54:26] [Server thread/WARN]: Mismatch in destroy block pos: gu{x=0, y=0, z=0} gu{x=-7, y=64, z=3}
[19:54:26] [Server thread/WARN]: Mismatch in destroy block pos: gu{x=0, y=0, z=0} gu{x=-8, y=64, z=2}
[19:54:26] [Server thread/WARN]: Mismatch in destroy block pos: gu{x=0, y=0, z=0} gu{x=-8, y=64, z=3}
[19:54:26] [Server thread/WARN]: Mismatch in destroy block pos: gu{x=0, y=0, z=0} gu{x=-8, y=64, z=3}
[19:54:26] [Server thread/WARN]: Mismatch in destroy block pos: gu{x=0, y=0, z=0} gu{x=-8, y=64, z=4}
[19:54:26] [Server thread/WARN]: Mismatch in destroy block pos: gu{x=0, y=0, z=0} gu{x=-9, y=65, z=4}
[19:54:26] [Server thread/WARN]: Mismatch in destroy block pos: gu{x=0, y=0, z=0} gu{x=-10, y=65, z=3}
[19:54:26] [Server thread/WARN]: Mismatch in destroy block pos: gu{x=0, y=0, z=0} gu{x=-9, y=65, z=4}
[19:54:26] [Server thread/WARN]: Mismatch in destroy block pos: gu{x=0, y=0, z=0} gu{x=-8, y=64, z=4}
[19:54:27] [Server thread/WARN]: Mismatch in destroy block pos: gu{x=0, y=0, z=0} gu{x=-9, y=65, z=4}
[19:54:27] [Server thread/WARN]: Mismatch in destroy block pos: gu{x=0, y=0, z=0} gu{x=-10, y=65, z=3}
[19:54:27] [Server thread/WARN]: Mismatch in destroy block pos: gu{x=0, y=0, z=0} gu{x=-11, y=65, z=2}
[19:54:27] [Server thread/WARN]: Mismatch in destroy block pos: gu{x=0, y=0, z=0} gu{x=-11, y=65, z=3}
[19:54:27] [Server thread/WARN]: Mismatch in destroy block pos: gu{x=0, y=0, z=0} gu{x=-12, y=65, z=3}
[19:54:27] [Server thread/WARN]: Mismatch in destroy block pos: gu{x=0, y=0, z=0} gu{x=-12, y=65, z=2}
[19:54:27] [Server thread/WARN]: Mismatch in destroy block pos: gu{x=0, y=0, z=0} gu{x=-13, y=66, z=2}
[19:54:28] [Server thread/WARN]: Mismatch in destroy block pos: gu{x=0, y=0, z=0} gu{x=-13, y=66, z=2}
[19:54:28] [Server thread/WARN]: Mismatch in destroy block pos: gu{x=0, y=0, z=0} gu{x=-15, y=67, z=2}
[19:54:28] [Server thread/WARN]: Mismatch in destroy block pos: gu{x=0, y=0, z=0} gu{x=-15, y=67, z=1}
[19:54:28] [Server thread/WARN]: Mismatch in destroy block pos: gu{x=0, y=0, z=0} gu{x=-16, y=67, z=0}
[19:54:28] [Server thread/WARN]: Mismatch in destroy block pos: gu{x=-17, y=67, z=-1} gu{x=-16, y=68, z=1}
[19:54:32] [Server thread/INFO]: [Not Secure] <[Admin] Thecno662> ya po rumo
[19:55:14] [Server thread/INFO]: [[Admin] Thecno662: Added Rumo_fr3 to team [Peruvian]]
[19:56:21] [Server thread/INFO]: [Peruvian] Rumo_fr3 has made the advancement [Stone Age]
[19:57:46] [Server thread/INFO]: hoaku[/127.108.1.132:39449] logged in with entity id 1707 at (-6.5, 65.0, 4.5)
[19:57:46] [Server thread/INFO]: hoaku joined the game
[19:57:49] [Server thread/INFO]: [Admin] Thecno662 has made the advancement [Monster Hunter]
[19:58:03] [Server thread/WARN]: Mismatch in destroy block pos: gu{x=0, y=0, z=0} gu{x=1, y=65, z=8}
[19:58:08] [Server thread/INFO]: [Admin] Thecno662 has made the advancement [Stone Age]
